<?xml version="1.0" encoding="UTF-8"?>
<testsuite xmlns:xsi="http://www.w3.org/2001/XMLSchema-instance" xsi:noNamespaceSchemaLocation="https://maven.apache.org/surefire/maven-surefire-plugin/xsd/surefire-test-report.xsd" name="link.yauritux.domain.entity.CustomerAccountTest" time="0.038" tests="4" errors="0" skipped="0" failures="0">
  <properties>
[...]
</properties>
  <testcase name="newCustomerAccountWithSomeDepositAmount" classname="link.yauritux.domain.entity.CustomerAccountTest" time="0.022"/>
  <testcase name="newCustomerAccountNameIsNull" classname="link.yauritux.domain.entity.CustomerAccountTest" time="0.002"/>
  <testcase name="newCustomerAccountNameIsEmpty" classname="link.yauritux.domain.entity.CustomerAccountTest" time="0.001"/>
  <testcase name="newCustomerAccountWithNoDeposit" classname="link.yauritux.domain.entity.CustomerAccountTest" time="0.001"/>
</testsuite>